<?xml version="1.0" encoding="UTF-8"?>
<!-- Generated by org.testng.reporters.JUnitReportReporter -->
<testsuite skipped="0" hostname="Yvonnes-MBP" name="com.qa.rest.tests.GetCallBDD" tests="1" failures="0" timestamp="15 Nov 2018 22:23:42 GMT" time="3.030" errors="0">
  <testcase name="test_numberOfCircuitsFor2017_Season" time="3.030" classname="com.qa.rest.tests.GetCallBDD"/>
</testsuite> <!-- com.qa.rest.tests.GetCallBDD -->
